[
  {
    "line": 1,
    "elements": [
      {
        "before": [
          {
            "result": {
              "duration": 9926288022,
              "status": "passed"
            },
            "match": {
              "location": "Hooks.setUp()"
            }
          }
        ],
        "line": 3,
        "name": "Validate user is able to register",
        "description": "",
        "id": "registering-to-automation-practice;validate-user-is-able-to-register",
        "after": [
          {
            "result": {
              "duration": 893600884,
              "status": "passed"
            },
            "match": {
              "location": "Hooks.tearDown()"
            }
          }
        ],
        "type": "scenario",
        "keyword": "Scenario",
        "steps": [
          {
            "result": {
              "duration": 21241869512,
              "status": "passed"
            },
            "line": 4,
            "name": "Automation practice application is opened",
            "match": {
              "location": "RegisterStepDef.automation_practice_application_is_opened()"
            },
            "keyword": "Given "
          },
          {
            "result": {
              "duration": 1472673384,
              "status": "passed"
            },
            "line": 5,
            "name": "I click sign in",
            "match": {
              "location": "RegisterStepDef.i_click_sign_in()"
            },
            "keyword": "When "
          },
          {
            "result": {
              "duration": 87749507,
              "error_message": "org.openqa.selenium.NoSuchElementException: no such element: Unable to locate element: {\"method\":\"css selector\",\"selector\":\"#email_create\"}\n  (Session info: chrome\u003d104.0.5112.102)\nFor documentation on this error, please visit: https://www.seleniumhq.org/exceptions/no_such_element.html\nBuild info: version: \u00273.141.59\u0027, revision: \u0027e82be7d358\u0027, time: \u00272018-11-14T08:17:03\u0027\nSystem info: host: \u0027W00000PC0U37T4\u0027, ip: \u0027192.168.1.152\u0027, os.name: \u0027Windows 7\u0027, os.arch: \u0027amd64\u0027, os.version: \u00276.1\u0027, java.version: \u00271.8.0_171\u0027\nDriver info: org.openqa.selenium.chrome.ChromeDriver\nCapabilities {acceptInsecureCerts: false, browserName: chrome, browserVersion: 104.0.5112.102, chrome: {chromedriverVersion: 104.0.5112.79 (3cf3e8c8a07d..., userDataDir: C:\\Users\\d31845f\\AppData\\Lo...}, goog:chromeOptions: {debuggerAddress: localhost:64183}, javascriptEnabled: true, networkConnectionEnabled: false, pageLoadStrategy: normal, platform: WINDOWS, platformName: WINDOWS, proxy: Proxy(), setWindowRect: true, strictFileInteractability: false, timeouts: {implicit: 0, pageLoad: 300000, script: 30000}, unhandledPromptBehavior: dismiss and notify, webauthn:extension:credBlob: true, webauthn:extension:largeBlob: true, webauthn:virtualAuthenticators: true}\nSession ID: 32ae9f1505d62f49f0c2b7273a2aca91\n*** Element info: {Using\u003did, value\u003demail_create}\r\n\tat sun.reflect.NativeConstructorAccessorImpl.newInstance0(Native Method)\r\n\tat sun.reflect.NativeConstructorAccessorImpl.newInstance(NativeConstructorAccessorImpl.java:62)\r\n\tat sun.reflect.DelegatingConstructorAccessorImpl.newInstance(DelegatingConstructorAccessorImpl.java:45)\r\n\tat java.lang.reflect.Constructor.newInstance(Constructor.java:423)\r\n\tat org.openqa.selenium.remote.http.W3CHttpResponseCodec.createException(W3CHttpResponseCodec.java:187)\r\n\tat org.openqa.selenium.remote.http.W3CHttpResponseCodec.decode(W3CHttpResponseCodec.java:122)\r\n\tat org.openqa.selenium.remote.http.W3CHttpResponseCodec.decode(W3CHttpResponseCodec.java:49)\r\n\tat org.openqa.selenium.remote.HttpCommandExecutor.execute(HttpCommandExecutor.java:158)\r\n\tat org.openqa.selenium.remote.service.DriverCommandExecutor.execute(DriverCommandExecutor.java:83)\r\n\tat org.openqa.selenium.remote.RemoteWebDriver.execute(RemoteWebDriver.java:552)\r\n\tat org.openqa.selenium.remote.RemoteWebDriver.findElement(RemoteWebDriver.java:323)\r\n\tat org.openqa.selenium.remote.RemoteWebDriver.findElementById(RemoteWebDriver.java:372)\r\n\tat org.openqa.selenium.By$ById.findElement(By.java:188)\r\n\tat org.openqa.selenium.remote.RemoteWebDriver.findElement(RemoteWebDriver.java:315)\r\n\tat autoapp.automation.pages.RegisterPage.createAccount(RegisterPage.java:32)\r\n\tat autoapp.automation.stepDef.RegisterStepDef.i_create_account_with_emailid(RegisterStepDef.java:26)\r\n\tat ✽.And I create account with emailid \"testRandom@testauto.com\"(src/test/java/autoapp/automation/features/Register.feature:6)\r\n",
              "status": "failed"
            },
            "line": 6,
            "name": "I create account with emailid \"testRandom@testauto.com\"",
            "match": {
              "arguments": [
                {
                  "val": "testRandom@testauto.com",
                  "offset": 31
                }
              ],
              "location": "RegisterStepDef.i_create_account_with_emailid(String)"
            },
            "keyword": "And "
          },
          {
            "result": {
              "status": "skipped"
            },
            "line": 7,
            "name": "I should be able to register with my below details",
            "match": {
              "location": "RegisterStepDef.i_should_be_able_to_register_with_my_below_details(DataTable)"
            },
            "rows": [
              {
                "cells": [
                  "Gender",
                  "FirstName",
                  "LastName",
                  "Password",
                  "Address",
                  "City",
                  "State",
                  "Zip",
                  "Mobile"
                ],
                "line": 8
              },
              {
                "cells": [
                  "Mr",
                  "TestFName",
                  "TestLName",
                  "Password1",
                  "100 Spencer Street",
                  "Anchorage",
                  "Alaska",
                  "30000",
                  "0406345454"
                ],
                "line": 9
              }
            ],
            "keyword": "Then "
          }
        ]
      },
      {
        "before": [
          {
            "result": {
              "duration": 7270984549,
              "status": "passed"
            },
            "match": {
              "location": "Hooks.setUp()"
            }
          }
        ],
        "line": 11,
        "name": "Validate user is able to see error message if email address is incorrect",
        "description": "",
        "id": "registering-to-automation-practice;validate-user-is-able-to-see-error-message-if-email-address-is-incorrect",
        "after": [
          {
            "result": {
              "duration": 805812359,
              "status": "passed"
            },
            "match": {
              "location": "Hooks.tearDown()"
            }
          }
        ],
        "type": "scenario",
        "keyword": "Scenario",
        "steps": [
          {
            "result": {
              "duration": 954266449,
              "status": "passed"
            },
            "line": 12,
            "name": "Automation practice application is opened",
            "match": {
              "location": "RegisterStepDef.automation_practice_application_is_opened()"
            },
            "keyword": "Given "
          },
          {
            "result": {
              "duration": 58771213,
              "error_message": "org.openqa.selenium.NoSuchElementException: no such element: Unable to locate element: {\"method\":\"xpath\",\"selector\":\"//a[@title\u003d\u0027Log in to your customer account\u0027]\"}\n  (Session info: chrome\u003d104.0.5112.102)\nFor documentation on this error, please visit: https://www.seleniumhq.org/exceptions/no_such_element.html\nBuild info: version: \u00273.141.59\u0027, revision: \u0027e82be7d358\u0027, time: \u00272018-11-14T08:17:03\u0027\nSystem info: host: \u0027W00000PC0U37T4\u0027, ip: \u0027192.168.1.152\u0027, os.name: \u0027Windows 7\u0027, os.arch: \u0027amd64\u0027, os.version: \u00276.1\u0027, java.version: \u00271.8.0_171\u0027\nDriver info: org.openqa.selenium.chrome.ChromeDriver\nCapabilities {acceptInsecureCerts: false, browserName: chrome, browserVersion: 104.0.5112.102, chrome: {chromedriverVersion: 104.0.5112.79 (3cf3e8c8a07d..., userDataDir: C:\\Users\\d31845f\\AppData\\Lo...}, goog:chromeOptions: {debuggerAddress: localhost:64216}, javascriptEnabled: true, networkConnectionEnabled: false, pageLoadStrategy: normal, platform: WINDOWS, platformName: WINDOWS, proxy: Proxy(), setWindowRect: true, strictFileInteractability: false, timeouts: {implicit: 0, pageLoad: 300000, script: 30000}, unhandledPromptBehavior: dismiss and notify, webauthn:extension:credBlob: true, webauthn:extension:largeBlob: true, webauthn:virtualAuthenticators: true}\nSession ID: 1b6cd9cf3546c664c4e42b0a0fa84e6a\n*** Element info: {Using\u003dxpath, value\u003d//a[@title\u003d\u0027Log in to your customer account\u0027]}\r\n\tat sun.reflect.NativeConstructorAccessorImpl.newInstance0(Native Method)\r\n\tat sun.reflect.NativeConstructorAccessorImpl.newInstance(NativeConstructorAccessorImpl.java:62)\r\n\tat sun.reflect.DelegatingConstructorAccessorImpl.newInstance(DelegatingConstructorAccessorImpl.java:45)\r\n\tat java.lang.reflect.Constructor.newInstance(Constructor.java:423)\r\n\tat org.openqa.selenium.remote.http.W3CHttpResponseCodec.createException(W3CHttpResponseCodec.java:187)\r\n\tat org.openqa.selenium.remote.http.W3CHttpResponseCodec.decode(W3CHttpResponseCodec.java:122)\r\n\tat org.openqa.selenium.remote.http.W3CHttpResponseCodec.decode(W3CHttpResponseCodec.java:49)\r\n\tat org.openqa.selenium.remote.HttpCommandExecutor.execute(HttpCommandExecutor.java:158)\r\n\tat org.openqa.selenium.remote.service.DriverCommandExecutor.execute(DriverCommandExecutor.java:83)\r\n\tat org.openqa.selenium.remote.RemoteWebDriver.execute(RemoteWebDriver.java:552)\r\n\tat org.openqa.selenium.remote.RemoteWebDriver.findElement(RemoteWebDriver.java:323)\r\n\tat org.openqa.selenium.remote.RemoteWebDriver.findElementByXPath(RemoteWebDriver.java:428)\r\n\tat org.openqa.selenium.By$ByXPath.findElement(By.java:353)\r\n\tat org.openqa.selenium.remote.RemoteWebDriver.findElement(RemoteWebDriver.java:315)\r\n\tat autoapp.automation.pages.RegisterPage.clickSignIn(RegisterPage.java:27)\r\n\tat autoapp.automation.stepDef.RegisterStepDef.i_click_sign_in(RegisterStepDef.java:20)\r\n\tat ✽.When I click sign in(src/test/java/autoapp/automation/features/Register.feature:13)\r\n",
              "status": "failed"
            },
            "line": 13,
            "name": "I click sign in",
            "match": {
              "location": "RegisterStepDef.i_click_sign_in()"
            },
            "keyword": "When "
          },
          {
            "result": {
              "status": "skipped"
            },
            "line": 14,
            "name": "I create account with emailid \"testRandom\"",
            "match": {
              "arguments": [
                {
                  "val": "testRandom",
                  "offset": 31
                }
              ],
              "location": "RegisterStepDef.i_create_account_with_emailid(String)"
            },
            "keyword": "And "
          },
          {
            "result": {
              "status": "skipped"
            },
            "line": 15,
            "name": "I should be able to see error message \"Invalid email address.\"",
            "match": {
              "arguments": [
                {
                  "val": "Invalid email address.",
                  "offset": 39
                }
              ],
              "location": "RegisterStepDef.I_should_be_able_to_see_error_message(String)"
            },
            "keyword": "Then "
          }
        ]
      }
    ],
    "name": "Registering to automation practice",
    "description": "",
    "id": "registering-to-automation-practice",
    "keyword": "Feature",
    "uri": "src/test/java/autoapp/automation/features/Register.feature"
  }
]